==== LHAPDF6 USING DEFAULT-TYPE LHAGLUE INTERFACE ====
LHAPDF 6.5.5 loading /home/hamzeh-khanpour/local/share/LHAPDF/NNPDF23_nlo_as_0119/NNPDF23_nlo_as_0119_0000.dat
NNPDF23_nlo_as_0119 PDF set, member #0, version 6; LHAPDF ID = 230000
 Process in group number            1
 A PDF is used, so alpha_s(MZ) is going to be modified
 Old value of alpha_s from param_card:   0.11900250000000000     
 New value of alpha_s from PDF lhapdf :  0.11900242160818149     
 using LHAPDF
 Define smin to   200.00000000000000     
 *****************************************************
 *               MadGraph/MadEvent                   *
 *        --------------------------------           *
 *          http://madgraph.hep.uiuc.edu             *
 *          http://madgraph.phys.ucl.ac.be           *
 *          http://madgraph.roma2.infn.it            *
 *        --------------------------------           *
 *                                                   *
 *          PARAMETER AND COUPLING VALUES            *
 *                                                   *
 *****************************************************

  External Params
  ---------------------------------
  
 mdl_cabi =   0.22773599999999999     
 mdl_MD =    5.0400000000000002E-003
 mdl_MU =    2.5500000000000002E-003
 mdl_MS =   0.10100000000000001     
 mdl_MC =    1.2700000000000000     
 mdl_MB =    4.7000000000000002     
 mdl_MT =    172.00000000000000     
 mdl_Me =    5.1099999999999995E-004
 mdl_MMU =   0.10566000000000000     
 mdl_MTA =    1.7769999999999999     
 mdl_MZ =    91.187600000000003     
 mdl_MH =    125.00000000000000     
 mdl_ReXLut =    0.0000000000000000     
 mdl_ImXLut =    0.0000000000000000     
 mdl_ReXRut =    0.0000000000000000     
 mdl_ImXRut =    0.0000000000000000     
 mdl_ReXLct =    0.0000000000000000     
 mdl_ImXLct =    0.0000000000000000     
 mdl_ReXRct =    0.0000000000000000     
 mdl_ImXRct =    0.0000000000000000     
 mdl_ReKLut =    0.0000000000000000     
 mdl_ImKLut =    0.0000000000000000     
 mdl_ReKRut =    0.0000000000000000     
 mdl_ImKRut =    0.0000000000000000     
 mdl_ReKLct =    0.0000000000000000     
 mdl_ImKLct =    0.0000000000000000     
 mdl_ReKRct =    0.0000000000000000     
 mdl_ImKRct =    0.0000000000000000     
 mdl_ReZetaLut =    0.0000000000000000     
 mdl_ImZetaLut =    0.0000000000000000     
 mdl_ReZetaRut =    0.0000000000000000     
 mdl_ImZetaRut =    0.0000000000000000     
 mdl_ReZetaLct =    0.0000000000000000     
 mdl_ImZetaLct =    0.0000000000000000     
 mdl_ReZetaRct =    0.0000000000000000     
 mdl_ImZetaRct =    0.0000000000000000     
 mdl_ReEtaLut =    0.0000000000000000     
 mdl_ImEtaLut =    0.0000000000000000     
 mdl_ReEtaRut =    0.0000000000000000     
 mdl_ImEtaRut =    0.0000000000000000     
 mdl_ReEtaLct =    0.0000000000000000     
 mdl_ImEtaLct =    0.0000000000000000     
 mdl_ReEtaRct =    0.0000000000000000     
 mdl_ImEtaRct =    0.0000000000000000     
 mdl_ReLambdaLut =    0.0000000000000000     
 mdl_ImLambdaLut =    0.0000000000000000     
 mdl_ReLambdaRut =    0.0000000000000000     
 mdl_ImLambdaRut =    0.0000000000000000     
 mdl_ReLambdaLct =    0.0000000000000000     
 mdl_ImLambdaLct =    0.0000000000000000     
 mdl_ReLambdaRct =    0.0000000000000000     
 mdl_ImLambdaRct =    0.0000000000000000     
 aEWM1 =    127.90000000000001     
 mdl_Gf =    1.1663700000000000E-005
 aS =   0.11900250000000000     
 mdl_ymdo =    5.0400000000000002E-003
 mdl_ymup =    2.5500000000000002E-003
 mdl_yms =   0.10100000000000001     
 mdl_ymc =    1.2700000000000000     
 mdl_ymb =    4.7000000000000002     
 mdl_ymt =    172.00000000000000     
 mdl_yme =    5.1099999999999995E-004
 mdl_ymm =   0.10566000000000000     
 mdl_ymtau =    1.7769999999999999     
 mdl_WT =    1.5083359999999999     
 mdl_WZ =    2.4952000000000001     
 mdl_WW =    2.0850000000000000     
 mdl_WH =    4.0699999999999998E-003
  Internal Params
  ---------------------------------
  
 mdl_cos__cabi =   0.97418004031982097     
 mdl_CKM1x1 =               (0.97418004031982097,0.0000000000000000)
 mdl_sin__cabi =   0.22577256042856930     
 mdl_CKM1x2 =               (0.22577256042856930,0.0000000000000000)
 mdl_CKM1x3 =                (0.0000000000000000,0.0000000000000000)
 mdl_CKM2x1 =              (-0.22577256042856930,0.0000000000000000)
 mdl_CKM2x2 =               (0.97418004031982097,0.0000000000000000)
 mdl_CKM2x3 =                (0.0000000000000000,0.0000000000000000)
 mdl_CKM3x1 =                (0.0000000000000000,0.0000000000000000)
 mdl_CKM3x2 =                (0.0000000000000000,0.0000000000000000)
 mdl_CKM3x3 =                (1.0000000000000000,0.0000000000000000)
 mdl_MZ__exp__2 =    8315.1783937600012     
 mdl_MZ__exp__4 =    69142191.720053151     
 mdl_sqrt__2 =    1.4142135623730951     
 mdl_MH__exp__2 =    15625.000000000000     
 mdl_complexi =                (0.0000000000000000,1.0000000000000000)
 mdl_conjg__CKM1x1 =              (0.97418004031982097,-0.0000000000000000)
 mdl_conjg__CKM1x2 =              (0.22577256042856930,-0.0000000000000000)
 mdl_conjg__CKM1x3 =               (0.0000000000000000,-0.0000000000000000)
 mdl_conjg__CKM2x1 =             (-0.22577256042856930,-0.0000000000000000)
 mdl_conjg__CKM2x2 =              (0.97418004031982097,-0.0000000000000000)
 mdl_conjg__CKM2x3 =               (0.0000000000000000,-0.0000000000000000)
 mdl_conjg__CKM3x1 =               (0.0000000000000000,-0.0000000000000000)
 mdl_conjg__CKM3x2 =               (0.0000000000000000,-0.0000000000000000)
 mdl_conjg__CKM3x3 =               (1.0000000000000000,-0.0000000000000000)
 mdl_aEW =    7.8186082877247844E-003
 mdl_MW =    79.824359746197842     
 mdl_sqrt__aEW =    8.8422894590285753E-002
 mdl_ee =   0.31345100004952897     
 mdl_MW__exp__2 =    6371.9284088904105     
 mdl_sw2 =   0.23369913342182447     
 mdl_cw =   0.87538612427783857     
 mdl_sqrt__sw2 =   0.48342438232036300     
 mdl_sw =   0.48342438232036300     
 mdl_g1 =   0.35807170271074895     
 mdl_gw =   0.64839716719502682     
 mdl_vev =    246.22056907348590     
 mdl_vev__exp__2 =    60624.568634871241     
 mdl_lam =   0.12886689630821144     
 mdl_yb =    2.6995322804122722E-002
 mdl_yc =    7.2944808428161397E-003
 mdl_ydo =    2.8948175943144366E-005
 mdl_ye =    2.9350233942354699E-006
 mdl_ym =    6.0687783137949077E-004
 mdl_ys =    5.8011225600348830E-004
 mdl_yt =   0.98791394091683138     
 mdl_ytau =    1.0206529494239589E-002
 mdl_yup =    1.4646398542662327E-005
 mdl_muH =    88.388347648318444     
 mdl_ee__exp__2 =    9.8251529432049817E-002
 mdl_sw__exp__2 =   0.23369913342182450     
 mdl_cw__exp__2 =   0.76630086657817542     
  Internal Params evaluated point by point
  ----------------------------------------
  
 mdl_sqrt__aS =   0.34496738976314850     
 mdl_G__exp__2 =    1.4954295190352773     
  Couplings of topFCNC_UFO
  ---------------------------------
  
         GC_1 =  -0.00000E+00  -0.10448E+00
         GC_2 =   0.00000E+00   0.20897E+00
         GC_3 =  -0.00000E+00  -0.31345E+00
         GC_4 =   0.00000E+00   0.31345E+00
        GC_52 =   0.00000E+00   0.45849E+00
        GC_62 =  -0.00000E+00  -0.28380E+00
        GC_63 =   0.00000E+00   0.28380E+00
        GC_64 =   0.00000E+00   0.56760E+00
        GC_68 =  -0.00000E+00  -0.28850E-01
        GC_69 =   0.00000E+00   0.86550E-01
        GC_73 =   0.00000E+00   0.51758E+02
        GC_75 =  -0.00000E+00  -0.19089E-01
        GC_76 =  -0.00000E+00  -0.51580E-02
        GC_77 =  -0.00000E+00  -0.20469E-04
        GC_78 =  -0.00000E+00  -0.20754E-05
        GC_80 =  -0.00000E+00  -0.41020E-03
        GC_83 =  -0.00000E+00  -0.10357E-04
        GC_84 =   0.00000E+00   0.44665E+00
        GC_85 =   0.00000E+00   0.10351E+00
        GC_86 =   0.00000E+00   0.00000E+00
        GC_87 =   0.00000E+00  -0.10351E+00
        GC_88 =   0.00000E+00   0.44665E+00
        GC_89 =   0.00000E+00   0.00000E+00
        GC_90 =   0.00000E+00   0.00000E+00
        GC_91 =   0.00000E+00   0.00000E+00
        GC_92 =   0.00000E+00   0.45849E+00
        GC_10 =  -0.00000E+00   0.00000E+00
        GC_12 =  -0.00000E+00   0.00000E+00
        GC_14 =  -0.00000E+00   0.00000E+00
        GC_16 =  -0.00000E+00   0.00000E+00

 Collider parameters:
 --------------------

 Running at P e   machine @    1183.2159566199232       GeV
 PDF set = lhapdf 
 alpha_s(Mz)= 0.1190 running at 2 loops.
 alpha_s(Mz)= 0.1190 running at 2 loops.
 Renormalization scale set on event-by-event basis
 Factorization   scale set on event-by-event basis


 getting user params
Enter number of events and max and min iterations: 
 Number of events and iterations         1000           5           3
Enter desired fractional accuracy: 
 Desired fractional accuracy:   0.10000000000000001     
Enter 0 for fixed, 2 for adjustable grid: 
Suppress amplitude (0 no, 1 yes)? 
 Using suppressed amplitude.
Exact helicity sum (0 yes, n = number/event)? 
 Explicitly summing over helicities
Enter Configuration Number: 
Running Configuration Number:    4
 Not subdividing B.W.
 Attempting mappinvarients           1           6
 Determine nb_t
 T-channel found:            2
 Completed mapping           6
 about to integrate            9        1000           7           3           9           1
 Using non-zero grid deformation.
  9 dimensions   1000 events  9 invarients  7 iterations  1 config(s),  (0.99)
 Using h-tuple random number sequence.
 Error opening grid
 Using Uniform Grid!          24
 Using uniform alpha   1.0000000000000000     
 Grid defined OK
 Masses: 0.504E-02 0.511E-03 0.511E-03 0.511E-03 0.000E+00 0.255E-02
 Set CM energy to       1183.22
 Mapping Graph           4  to config           4
 Determine nb_t
 T-channel found:            2
 Setting BW          -1           1   79.824359746197842     
Setting grid   2    0.71429E-04   1
Setting grid   3    0.71429E-04   1
 Transforming s_hat 1/s            9   3.3564369926345626E-003   200.00000000000000        1400000.8735231042     
Using random seed offsets     4 :     13
  with seed                   24
 Ranmar initialization seeds       31062        9410
  Particle       3       4       5       6
      Et >    10.0     0.0     0.0    10.0
       E >     0.0     0.0     0.0     0.0
     Eta <     5.0    -1.0    -1.0     5.0
   xqcut:      0.0     0.0     0.0     0.0
d R # 3  >    -0.0     0.0     0.0     0.4
d R # 4  >    -0.0    -0.0     0.0     0.0
d R # 5  >    -0.0    -0.0    -0.0     0.0
s min # 3>     0.0     0.0     0.0     0.0
s min # 4>     0.0     0.0     0.0     0.0
s min # 5>     0.0     0.0     0.0     0.0
xqcutij # 3>     0.0     0.0     0.0     0.0
xqcutij # 4>     0.0     0.0     0.0     0.0
xqcutij # 5>     0.0     0.0     0.0     0.0
 No cut BW           -1           1
 
 ********************************************
 * You are using the DiscreteSampler module *
 *      part of the MG5_aMC framework       *
 *         Author: Valentin Hirschi         *
 ********************************************
 
 RESET CUMULATIVE VARIABLE
 Iteration  1   Mean: 0.4458E-02 Abs mean: 0.4458E-02   Fluctuation:  0.912E-03   0.783E+00    14.7%
  1    0.4458E-02 0.4458E-02 +- 0.9122E-03      6.47
 Writing out events   4.3324627114514071E-006   6.4709498060221469     
 Relative summed weights:
  0.1000E+01  0.0000E+00
 Relative number of events:
  0.1000E+01  0.0000E+00
 Events:
         996           0
 Iteration  2   Mean: 0.5322E-02 Abs mean: 0.5446E-02   Fluctuation:  0.628E-03   0.747E+00    40.8%
  2    0.5322E-02 0.5446E-02 +- 0.6276E-03      5.15
 Relative summed weights:
  0.1000E+01  0.0000E+00
 Relative number of events:
  0.1000E+01  0.0000E+00
 Events:
        1956           0
 Iteration  3   Mean: 0.4959E-02 Abs mean: 0.4965E-02   Fluctuation:  0.248E-03   0.512E+00    49.1%
  3    0.4959E-02 0.4965E-02 +- 0.2483E-03      3.16
 Relative summed weights:
  0.1000E+01  0.0000E+00
 Relative number of events:
  0.1000E+01  0.0000E+00
 Events:
        3926           0
 Accuracy:    0.030   0.100   0.045   0.446
 Finished due to accuracy    2.9896822174339546E-002  0.10000000000000001     

 -------------------------------------------------------------------------------
 Accumulated results:   Integral =  0.5013E-02
                        Std dev  =  0.2244E-03
                       Cross sec =  0.4990E-02
             Chi**2 per DoF.     =      0.4460
 -------------------------------------------------------------------------------
 Found          401  events.
 Wrote           45  events.
 Actual xsec    4.9896221042651720E-003
Thanks for using LHAPDF 6.5.5. Please make sure to cite the paper:
  Eur.Phys.J. C75 (2015) 3, 132  (http://arxiv.org/abs/1412.7420)
 Correct abs xsec    5.0130749588220237E-003
 Event xsec    5.0130749588220254E-003
 Events wgts > 1:            0
 % Cross section > 1:    0.0000000000000000        0.0000000000000000     
-------------------------------------------------
---------------------------
 Results Last   3 iters: Integral =   0.4990E-02
                     Abs integral =   0.5013E-02
                          Std dev =   0.2244E-03
                  Chi**2 per DoF. =      0.4422
-------------------------------------------------
---------------------------
 Status  0.10000000000000001                4           7

ls status:
events.lhe
ftn26
input_app.txt
results.dat
run1_app.log
